mode: set
github.com/jaredtmartin/bolt-go/atoms.go:5.41,7.2 1 1
github.com/jaredtmartin/bolt-go/atoms.go:8.31,10.2 1 1
github.com/jaredtmartin/bolt-go/atoms.go:11.35,13.2 1 1
github.com/jaredtmartin/bolt-go/atoms.go:14.34,16.2 1 1
github.com/jaredtmartin/bolt-go/atoms.go:17.34,19.2 1 1
github.com/jaredtmartin/bolt-go/atoms.go:20.22,22.2 1 1
github.com/jaredtmartin/bolt-go/atoms.go:23.33,25.2 1 1
github.com/jaredtmartin/bolt-go/atoms.go:26.30,28.2 1 1
github.com/jaredtmartin/bolt-go/atoms.go:30.31,32.2 1 1
github.com/jaredtmartin/bolt-go/atoms.go:33.31,35.2 1 1
github.com/jaredtmartin/bolt-go/atoms.go:36.31,38.2 1 1
github.com/jaredtmartin/bolt-go/atoms.go:39.31,41.2 1 1
github.com/jaredtmartin/bolt-go/atoms.go:42.31,44.2 1 1
github.com/jaredtmartin/bolt-go/atoms.go:45.31,47.2 1 1
github.com/jaredtmartin/bolt-go/atoms.go:48.52,50.2 1 1
github.com/jaredtmartin/bolt-go/atoms.go:51.22,53.2 1 1
github.com/jaredtmartin/bolt-go/atoms.go:54.46,56.2 1 1
github.com/jaredtmartin/bolt-go/atoms.go:57.36,59.2 1 1
github.com/jaredtmartin/bolt-go/atoms.go:60.45,62.2 1 1
github.com/jaredtmartin/bolt-go/atoms.go:63.41,65.16 2 1
github.com/jaredtmartin/bolt-go/atoms.go:65.16,67.3 1 1
github.com/jaredtmartin/bolt-go/atoms.go:68.2,68.16 1 1
github.com/jaredtmartin/bolt-go/atoms.go:68.16,70.3 1 1
github.com/jaredtmartin/bolt-go/atoms.go:71.2,71.16 1 1
github.com/jaredtmartin/bolt-go/atoms.go:71.16,72.13 1 0
github.com/jaredtmartin/bolt-go/atoms.go:74.2,74.42 1 1
github.com/jaredtmartin/bolt-go/checkbox.go:12.60,22.2 2 1
github.com/jaredtmartin/bolt-go/checkbox.go:23.64,26.2 2 1
github.com/jaredtmartin/bolt-go/checkbox.go:27.66,30.2 2 1
github.com/jaredtmartin/bolt-go/checkbox.go:32.63,37.2 4 1
github.com/jaredtmartin/bolt-go/checkbox.go:38.64,40.17 2 1
github.com/jaredtmartin/bolt-go/checkbox.go:40.17,42.3 1 1
github.com/jaredtmartin/bolt-go/checkbox.go:43.2,43.10 1 1
github.com/jaredtmartin/bolt-go/checkbox.go:45.60,48.2 2 1
github.com/jaredtmartin/bolt-go/checkbox.go:49.64,50.11 1 1
github.com/jaredtmartin/bolt-go/checkbox.go:50.11,52.3 1 1
github.com/jaredtmartin/bolt-go/checkbox.go:52.8,54.3 1 1
github.com/jaredtmartin/bolt-go/checkbox.go:55.2,55.10 1 1
github.com/jaredtmartin/bolt-go/checkbox.go:57.69,58.33 1 1
github.com/jaredtmartin/bolt-go/checkbox.go:58.33,60.3 1 1
github.com/jaredtmartin/bolt-go/checkbox.go:60.8,62.3 1 1
github.com/jaredtmartin/bolt-go/checkbox.go:63.2,63.10 1 1
github.com/jaredtmartin/bolt-go/checkbox.go:65.47,68.2 2 1
github.com/jaredtmartin/bolt-go/checkbox.go:69.44,71.2 1 1
github.com/jaredtmartin/bolt-go/checkbox.go:72.71,75.2 2 1
github.com/jaredtmartin/bolt-go/checkbox.go:76.71,79.2 2 1
github.com/jaredtmartin/bolt-go/checkbox.go:80.71,83.2 2 1
github.com/jaredtmartin/bolt-go/checkbox.go:84.73,87.2 2 1
github.com/jaredtmartin/bolt-go/checkbox.go:88.71,91.2 2 1
github.com/jaredtmartin/bolt-go/checkbox.go:92.71,95.2 2 1
github.com/jaredtmartin/bolt-go/checkbox.go:96.71,99.2 2 1
github.com/jaredtmartin/bolt-go/checkbox.go:100.73,103.2 2 1
github.com/jaredtmartin/bolt-go/checkbox.go:104.64,107.2 2 1
github.com/jaredtmartin/bolt-go/checkbox.go:108.67,111.2 2 1
github.com/jaredtmartin/bolt-go/checkbox.go:112.77,115.2 2 1
github.com/jaredtmartin/bolt-go/checkbox.go:116.65,119.2 2 1
github.com/jaredtmartin/bolt-go/checkbox.go:120.64,123.2 2 1
github.com/jaredtmartin/bolt-go/checkbox.go:124.64,127.2 2 1
github.com/jaredtmartin/bolt-go/checkbox.go:128.66,131.2 2 1
github.com/jaredtmartin/bolt-go/checkbox.go:132.67,135.2 2 1
github.com/jaredtmartin/bolt-go/checkbox.go:136.65,139.2 2 1
github.com/jaredtmartin/bolt-go/element.go:26.45,28.46 1 1
github.com/jaredtmartin/bolt-go/element.go:28.46,30.3 1 1
github.com/jaredtmartin/bolt-go/element.go:33.47,35.2 1 1
github.com/jaredtmartin/bolt-go/element.go:37.40,39.31 2 1
github.com/jaredtmartin/bolt-go/element.go:39.31,41.3 1 1
github.com/jaredtmartin/bolt-go/element.go:42.2,43.35 2 1
github.com/jaredtmartin/bolt-go/element.go:46.45,49.37 3 1
github.com/jaredtmartin/bolt-go/element.go:49.37,51.24 2 1
github.com/jaredtmartin/bolt-go/element.go:51.24,53.4 1 1
github.com/jaredtmartin/bolt-go/element.go:56.39,58.35 2 1
github.com/jaredtmartin/bolt-go/element.go:58.35,60.3 1 1
github.com/jaredtmartin/bolt-go/element.go:61.2,62.53 2 1
github.com/jaredtmartin/bolt-go/element.go:64.59,65.20 1 1
github.com/jaredtmartin/bolt-go/element.go:65.20,68.3 2 1
github.com/jaredtmartin/bolt-go/element.go:68.8,68.27 1 1
github.com/jaredtmartin/bolt-go/element.go:68.27,71.3 2 1
github.com/jaredtmartin/bolt-go/element.go:71.8,73.3 1 1
github.com/jaredtmartin/bolt-go/element.go:75.43,77.39 2 1
github.com/jaredtmartin/bolt-go/element.go:77.39,79.3 1 1
github.com/jaredtmartin/bolt-go/element.go:80.2,81.23 2 1
github.com/jaredtmartin/bolt-go/element.go:81.23,83.3 1 1
github.com/jaredtmartin/bolt-go/element.go:84.2,84.24 1 1
github.com/jaredtmartin/bolt-go/element.go:84.24,86.3 1 1
github.com/jaredtmartin/bolt-go/element.go:87.2,87.38 1 1
github.com/jaredtmartin/bolt-go/element.go:89.38,97.2 1 1
github.com/jaredtmartin/bolt-go/element.go:98.61,99.28 1 1
github.com/jaredtmartin/bolt-go/element.go:99.28,101.25 2 1
github.com/jaredtmartin/bolt-go/element.go:101.25,103.4 1 1
github.com/jaredtmartin/bolt-go/element.go:105.2,105.10 1 1
github.com/jaredtmartin/bolt-go/element.go:107.59,108.27 1 1
github.com/jaredtmartin/bolt-go/element.go:108.27,110.3 1 1
github.com/jaredtmartin/bolt-go/element.go:111.2,111.10 1 1
github.com/jaredtmartin/bolt-go/element.go:113.61,114.25 1 1
github.com/jaredtmartin/bolt-go/element.go:114.25,116.3 1 1
github.com/jaredtmartin/bolt-go/element.go:117.2,117.10 1 1
github.com/jaredtmartin/bolt-go/element.go:119.50,122.2 2 1
github.com/jaredtmartin/bolt-go/element.go:123.49,126.2 2 1
github.com/jaredtmartin/bolt-go/element.go:127.59,130.2 2 1
github.com/jaredtmartin/bolt-go/element.go:131.49,134.2 2 1
github.com/jaredtmartin/bolt-go/element.go:135.45,138.2 2 1
github.com/jaredtmartin/bolt-go/element.go:139.44,142.2 2 1
github.com/jaredtmartin/bolt-go/element.go:143.44,146.2 2 1
github.com/jaredtmartin/bolt-go/element.go:147.46,150.2 2 1
github.com/jaredtmartin/bolt-go/element.go:151.47,154.2 2 1
github.com/jaredtmartin/bolt-go/element.go:155.51,158.2 2 1
github.com/jaredtmartin/bolt-go/element.go:159.50,162.2 2 1
github.com/jaredtmartin/bolt-go/element.go:163.52,166.2 2 1
github.com/jaredtmartin/bolt-go/element.go:167.47,170.2 2 1
github.com/jaredtmartin/bolt-go/element.go:171.45,174.2 2 1
github.com/jaredtmartin/bolt-go/element.go:175.46,178.2 2 1
github.com/jaredtmartin/bolt-go/element.go:179.46,182.2 2 1
github.com/jaredtmartin/bolt-go/element.go:183.44,186.2 2 1
github.com/jaredtmartin/bolt-go/element.go:187.48,190.2 2 1
github.com/jaredtmartin/bolt-go/element.go:191.46,194.2 2 1
github.com/jaredtmartin/bolt-go/element.go:195.60,198.2 2 1
github.com/jaredtmartin/bolt-go/element.go:199.50,202.2 2 1
github.com/jaredtmartin/bolt-go/element.go:203.56,206.2 2 1
github.com/jaredtmartin/bolt-go/element.go:207.44,210.2 2 1
github.com/jaredtmartin/bolt-go/element.go:211.48,214.2 2 1
github.com/jaredtmartin/bolt-go/element.go:215.53,216.22 1 1
github.com/jaredtmartin/bolt-go/element.go:216.22,217.17 1 1
github.com/jaredtmartin/bolt-go/element.go:217.17,219.4 1 1
github.com/jaredtmartin/bolt-go/element.go:219.9,221.4 1 1
github.com/jaredtmartin/bolt-go/element.go:222.8,224.3 1 1
github.com/jaredtmartin/bolt-go/element.go:225.2,225.10 1 1
github.com/jaredtmartin/bolt-go/element.go:227.49,228.20 1 1
github.com/jaredtmartin/bolt-go/element.go:228.20,229.15 1 1
github.com/jaredtmartin/bolt-go/element.go:229.15,231.4 1 1
github.com/jaredtmartin/bolt-go/element.go:231.9,233.4 1 1
github.com/jaredtmartin/bolt-go/element.go:234.8,236.3 1 1
github.com/jaredtmartin/bolt-go/element.go:237.2,237.10 1 1
github.com/jaredtmartin/bolt-go/element.go:240.59,242.35 2 1
github.com/jaredtmartin/bolt-go/element.go:242.35,244.3 1 1
github.com/jaredtmartin/bolt-go/element.go:245.2,246.10 2 1
github.com/jaredtmartin/bolt-go/element.go:248.35,249.17 1 1
github.com/jaredtmartin/bolt-go/element.go:249.17,251.3 1 1
github.com/jaredtmartin/bolt-go/element.go:252.2,253.19 2 1
github.com/jaredtmartin/bolt-go/element.go:253.19,255.3 1 1
github.com/jaredtmartin/bolt-go/element.go:256.2,256.22 1 1
github.com/jaredtmartin/bolt-go/element.go:256.22,258.3 1 1
github.com/jaredtmartin/bolt-go/element.go:259.2,259.67 1 1
github.com/jaredtmartin/bolt-go/element.go:263.44,266.2 2 1
github.com/jaredtmartin/bolt-go/text_field.go:11.62,20.2 2 1
github.com/jaredtmartin/bolt-go/text_field.go:21.66,24.2 2 1
github.com/jaredtmartin/bolt-go/text_field.go:25.68,28.2 2 1
github.com/jaredtmartin/bolt-go/text_field.go:30.65,35.2 4 1
github.com/jaredtmartin/bolt-go/text_field.go:36.66,38.17 2 1
github.com/jaredtmartin/bolt-go/text_field.go:38.17,40.3 1 1
github.com/jaredtmartin/bolt-go/text_field.go:41.2,41.10 1 1
github.com/jaredtmartin/bolt-go/text_field.go:43.62,46.2 2 1
github.com/jaredtmartin/bolt-go/text_field.go:47.68,50.2 2 1
github.com/jaredtmartin/bolt-go/text_field.go:51.48,54.2 2 1
github.com/jaredtmartin/bolt-go/text_field.go:55.45,57.2 1 1
github.com/jaredtmartin/bolt-go/text_field.go:58.73,61.2 2 1
github.com/jaredtmartin/bolt-go/text_field.go:62.73,65.2 2 1
github.com/jaredtmartin/bolt-go/text_field.go:66.73,69.2 2 1
github.com/jaredtmartin/bolt-go/text_field.go:70.75,73.2 2 1
github.com/jaredtmartin/bolt-go/text_field.go:74.73,77.2 2 1
github.com/jaredtmartin/bolt-go/text_field.go:78.73,81.2 2 1
github.com/jaredtmartin/bolt-go/text_field.go:82.73,85.2 2 1
github.com/jaredtmartin/bolt-go/text_field.go:86.75,89.2 2 1
github.com/jaredtmartin/bolt-go/text_field.go:90.75,91.39 1 1
github.com/jaredtmartin/bolt-go/text_field.go:91.39,93.3 1 1
github.com/jaredtmartin/bolt-go/text_field.go:93.8,95.3 1 1
github.com/jaredtmartin/bolt-go/text_field.go:96.2,96.10 1 1
github.com/jaredtmartin/bolt-go/text_field.go:98.78,99.45 1 1
github.com/jaredtmartin/bolt-go/text_field.go:99.45,101.3 1 1
github.com/jaredtmartin/bolt-go/text_field.go:101.8,103.3 1 1
github.com/jaredtmartin/bolt-go/text_field.go:104.2,104.10 1 1
github.com/jaredtmartin/bolt-go/text_field.go:106.72,107.39 1 1
github.com/jaredtmartin/bolt-go/text_field.go:107.39,109.3 1 1
github.com/jaredtmartin/bolt-go/text_field.go:109.8,111.3 1 1
github.com/jaredtmartin/bolt-go/text_field.go:112.2,112.10 1 1
github.com/jaredtmartin/bolt-go/text_field.go:114.59,117.2 2 1
github.com/jaredtmartin/bolt-go/text_field.go:118.66,121.2 2 1
github.com/jaredtmartin/bolt-go/text_field.go:123.69,126.2 2 1
github.com/jaredtmartin/bolt-go/text_field.go:127.79,130.2 2 1
github.com/jaredtmartin/bolt-go/text_field.go:131.67,134.2 2 1
github.com/jaredtmartin/bolt-go/text_field.go:135.66,138.2 2 1
github.com/jaredtmartin/bolt-go/text_field.go:139.66,142.2 2 1
github.com/jaredtmartin/bolt-go/text_field.go:143.68,146.2 2 1
github.com/jaredtmartin/bolt-go/text_field.go:147.69,150.2 2 1
github.com/jaredtmartin/bolt-go/text_field.go:151.67,154.2 2 1
