mode: set
github.com/jaredtmartin/bolt-go/atoms.go:10.53,13.2 2 1
github.com/jaredtmartin/bolt-go/atoms.go:16.30,18.2 1 1
github.com/jaredtmartin/bolt-go/atoms.go:21.34,23.2 1 1
github.com/jaredtmartin/bolt-go/atoms.go:26.33,28.2 1 1
github.com/jaredtmartin/bolt-go/atoms.go:31.33,33.2 1 1
github.com/jaredtmartin/bolt-go/atoms.go:36.21,38.2 1 1
github.com/jaredtmartin/bolt-go/atoms.go:41.32,43.2 1 1
github.com/jaredtmartin/bolt-go/atoms.go:46.29,48.2 1 1
github.com/jaredtmartin/bolt-go/atoms.go:51.30,53.2 1 1
github.com/jaredtmartin/bolt-go/atoms.go:56.30,58.2 1 1
github.com/jaredtmartin/bolt-go/atoms.go:61.30,63.2 1 1
github.com/jaredtmartin/bolt-go/atoms.go:66.30,68.2 1 1
github.com/jaredtmartin/bolt-go/atoms.go:71.30,73.2 1 1
github.com/jaredtmartin/bolt-go/atoms.go:76.30,78.2 1 1
github.com/jaredtmartin/bolt-go/atoms.go:82.50,84.2 1 1
github.com/jaredtmartin/bolt-go/atoms.go:87.21,89.2 1 1
github.com/jaredtmartin/bolt-go/atoms.go:93.44,95.2 1 1
github.com/jaredtmartin/bolt-go/atoms.go:98.35,100.2 1 1
github.com/jaredtmartin/bolt-go/atoms.go:104.43,106.2 1 1
github.com/jaredtmartin/bolt-go/atoms.go:109.53,111.2 1 1
github.com/jaredtmartin/bolt-go/atoms.go:130.32,132.2 1 1
github.com/jaredtmartin/bolt-go/atoms.go:138.37,140.2 1 1
github.com/jaredtmartin/bolt-go/atoms.go:143.32,145.2 1 1
github.com/jaredtmartin/bolt-go/atoms.go:151.72,163.2 2 1
github.com/jaredtmartin/bolt-go/atoms.go:167.38,169.2 1 1
github.com/jaredtmartin/bolt-go/atoms.go:173.38,175.2 1 1
github.com/jaredtmartin/bolt-go/atoms.go:185.75,195.2 1 1
github.com/jaredtmartin/bolt-go/atoms.go:199.40,201.2 1 1
github.com/jaredtmartin/bolt-go/atoms.go:205.40,207.2 1 1
github.com/jaredtmartin/bolt-go/atoms.go:211.44,213.2 1 1
github.com/jaredtmartin/bolt-go/atoms.go:217.41,219.2 1 1
github.com/jaredtmartin/bolt-go/atoms.go:223.38,225.2 1 1
github.com/jaredtmartin/bolt-go/atoms.go:229.38,231.2 1 1
github.com/jaredtmartin/bolt-go/atoms.go:235.38,237.2 1 1
github.com/jaredtmartin/bolt-go/atoms.go:241.34,243.2 1 1
github.com/jaredtmartin/bolt-go/atoms.go:246.53,248.2 1 1
github.com/jaredtmartin/bolt-go/element.go:202.36,204.2 1 1
github.com/jaredtmartin/bolt-go/element.go:207.42,209.2 1 1
github.com/jaredtmartin/bolt-go/element.go:212.50,215.2 2 1
github.com/jaredtmartin/bolt-go/element.go:220.52,222.46 1 1
github.com/jaredtmartin/bolt-go/element.go:222.46,223.14 1 1
github.com/jaredtmartin/bolt-go/element.go:223.14,224.12 1 1
github.com/jaredtmartin/bolt-go/element.go:226.3,226.22 1 1
github.com/jaredtmartin/bolt-go/element.go:231.48,233.31 2 1
github.com/jaredtmartin/bolt-go/element.go:233.31,235.3 1 1
github.com/jaredtmartin/bolt-go/element.go:236.2,237.16 2 1
github.com/jaredtmartin/bolt-go/element.go:241.54,243.2 1 1
github.com/jaredtmartin/bolt-go/element.go:246.59,249.2 2 1
github.com/jaredtmartin/bolt-go/element.go:252.41,254.2 1 1
github.com/jaredtmartin/bolt-go/element.go:257.65,258.28 1 1
github.com/jaredtmartin/bolt-go/element.go:258.28,260.25 2 1
github.com/jaredtmartin/bolt-go/element.go:260.25,262.4 1 1
github.com/jaredtmartin/bolt-go/element.go:264.2,264.10 1 1
github.com/jaredtmartin/bolt-go/element.go:268.50,270.2 1 1
github.com/jaredtmartin/bolt-go/element.go:273.52,276.37 3 1
github.com/jaredtmartin/bolt-go/element.go:276.37,278.24 2 1
github.com/jaredtmartin/bolt-go/element.go:278.24,280.4 1 1
github.com/jaredtmartin/bolt-go/element.go:285.56,287.2 1 1
github.com/jaredtmartin/bolt-go/element.go:290.54,292.2 1 1
github.com/jaredtmartin/bolt-go/element.go:295.54,298.2 2 1
github.com/jaredtmartin/bolt-go/element.go:301.64,302.27 1 1
github.com/jaredtmartin/bolt-go/element.go:302.27,304.3 1 1
github.com/jaredtmartin/bolt-go/element.go:305.2,305.10 1 1
github.com/jaredtmartin/bolt-go/element.go:309.49,311.35 2 1
github.com/jaredtmartin/bolt-go/element.go:311.35,313.3 1 1
github.com/jaredtmartin/bolt-go/element.go:314.2,315.53 2 1
github.com/jaredtmartin/bolt-go/element.go:319.66,320.20 1 1
github.com/jaredtmartin/bolt-go/element.go:320.20,323.3 2 1
github.com/jaredtmartin/bolt-go/element.go:323.8,323.27 1 1
github.com/jaredtmartin/bolt-go/element.go:323.27,326.3 2 1
github.com/jaredtmartin/bolt-go/element.go:326.8,328.3 1 1
github.com/jaredtmartin/bolt-go/element.go:332.53,334.39 2 1
github.com/jaredtmartin/bolt-go/element.go:334.39,336.18 1 1
github.com/jaredtmartin/bolt-go/element.go:336.18,338.12 2 1
github.com/jaredtmartin/bolt-go/element.go:340.3,340.84 1 1
github.com/jaredtmartin/bolt-go/element.go:342.2,343.23 2 1
github.com/jaredtmartin/bolt-go/element.go:343.23,345.3 1 1
github.com/jaredtmartin/bolt-go/element.go:346.2,346.24 1 1
github.com/jaredtmartin/bolt-go/element.go:346.24,348.3 1 1
github.com/jaredtmartin/bolt-go/element.go:349.2,349.38 1 1
github.com/jaredtmartin/bolt-go/element.go:353.55,355.2 1 1
github.com/jaredtmartin/bolt-go/element.go:358.53,360.2 1 1
github.com/jaredtmartin/bolt-go/element.go:363.68,365.20 2 1
github.com/jaredtmartin/bolt-go/element.go:365.20,367.3 1 1
github.com/jaredtmartin/bolt-go/element.go:368.2,369.10 2 1
github.com/jaredtmartin/bolt-go/element.go:373.61,374.25 1 1
github.com/jaredtmartin/bolt-go/element.go:374.25,376.3 1 1
github.com/jaredtmartin/bolt-go/element.go:377.2,377.10 1 1
github.com/jaredtmartin/bolt-go/element.go:381.64,384.2 2 1
github.com/jaredtmartin/bolt-go/element.go:387.58,390.2 2 1
github.com/jaredtmartin/bolt-go/element.go:393.62,396.2 2 1
github.com/jaredtmartin/bolt-go/element.go:399.71,401.35 2 1
github.com/jaredtmartin/bolt-go/element.go:401.35,402.28 1 1
github.com/jaredtmartin/bolt-go/element.go:402.28,404.4 1 1
github.com/jaredtmartin/bolt-go/element.go:405.3,405.66 1 1
github.com/jaredtmartin/bolt-go/element.go:407.2,407.16 1 1
github.com/jaredtmartin/bolt-go/element.go:411.84,412.11 1 1
github.com/jaredtmartin/bolt-go/element.go:412.11,414.3 1 1
github.com/jaredtmartin/bolt-go/element.go:415.2,416.35 2 1
github.com/jaredtmartin/bolt-go/element.go:416.35,417.28 1 1
github.com/jaredtmartin/bolt-go/element.go:417.28,419.4 1 1
github.com/jaredtmartin/bolt-go/element.go:420.3,420.24 1 1
github.com/jaredtmartin/bolt-go/element.go:420.24,422.4 1 1
github.com/jaredtmartin/bolt-go/element.go:423.3,424.24 2 1
github.com/jaredtmartin/bolt-go/element.go:424.24,426.4 1 1
github.com/jaredtmartin/bolt-go/element.go:428.2,428.19 1 1
github.com/jaredtmartin/bolt-go/element.go:432.79,434.2 1 1
github.com/jaredtmartin/bolt-go/element.go:437.65,438.35 1 1
github.com/jaredtmartin/bolt-go/element.go:438.35,439.26 1 1
github.com/jaredtmartin/bolt-go/element.go:439.26,441.4 1 1
github.com/jaredtmartin/bolt-go/element.go:442.3,443.13 2 1
github.com/jaredtmartin/bolt-go/element.go:443.13,445.4 1 1
github.com/jaredtmartin/bolt-go/element.go:447.2,447.19 1 1
github.com/jaredtmartin/bolt-go/element.go:451.50,453.2 1 1
github.com/jaredtmartin/bolt-go/element.go:456.60,457.39 1 1
github.com/jaredtmartin/bolt-go/element.go:457.39,459.3 1 1
github.com/jaredtmartin/bolt-go/element.go:460.2,460.30 1 1
github.com/jaredtmartin/bolt-go/element.go:464.46,466.2 1 1
github.com/jaredtmartin/bolt-go/element.go:469.49,471.35 2 1
github.com/jaredtmartin/bolt-go/element.go:471.35,472.21 1 1
github.com/jaredtmartin/bolt-go/element.go:472.21,473.12 1 1
github.com/jaredtmartin/bolt-go/element.go:475.3,475.62 1 1
github.com/jaredtmartin/bolt-go/element.go:477.2,477.42 1 1
github.com/jaredtmartin/bolt-go/element.go:481.37,484.2 2 1
github.com/jaredtmartin/bolt-go/element.go:487.51,496.2 1 1
github.com/jaredtmartin/bolt-go/element.go:499.55,502.2 2 1
github.com/jaredtmartin/bolt-go/element.go:505.61,508.2 2 1
github.com/jaredtmartin/bolt-go/element.go:511.53,514.2 2 1
github.com/jaredtmartin/bolt-go/element.go:517.52,520.2 2 1
github.com/jaredtmartin/bolt-go/element.go:523.52,526.2 2 1
github.com/jaredtmartin/bolt-go/element.go:529.54,532.2 2 1
github.com/jaredtmartin/bolt-go/element.go:535.55,538.2 2 1
github.com/jaredtmartin/bolt-go/element.go:541.59,545.2 3 1
github.com/jaredtmartin/bolt-go/element.go:548.58,551.2 2 1
github.com/jaredtmartin/bolt-go/element.go:554.60,557.2 2 1
github.com/jaredtmartin/bolt-go/element.go:560.55,563.2 2 1
github.com/jaredtmartin/bolt-go/element.go:566.57,569.2 2 1
github.com/jaredtmartin/bolt-go/element.go:572.51,575.2 2 1
github.com/jaredtmartin/bolt-go/element.go:578.52,581.2 2 1
github.com/jaredtmartin/bolt-go/element.go:584.52,587.2 2 1
github.com/jaredtmartin/bolt-go/element.go:590.52,593.2 2 1
github.com/jaredtmartin/bolt-go/element.go:596.43,599.2 2 1
github.com/jaredtmartin/bolt-go/element.go:602.50,605.2 2 1
github.com/jaredtmartin/bolt-go/element.go:608.54,611.2 2 1
github.com/jaredtmartin/bolt-go/element.go:614.52,618.2 3 1
github.com/jaredtmartin/bolt-go/element.go:621.66,624.2 2 1
github.com/jaredtmartin/bolt-go/element.go:627.50,630.2 2 1
github.com/jaredtmartin/bolt-go/element.go:633.56,636.2 2 1
github.com/jaredtmartin/bolt-go/element.go:639.64,642.2 2 1
github.com/jaredtmartin/bolt-go/element.go:645.52,648.2 2 1
github.com/jaredtmartin/bolt-go/element.go:651.56,654.2 2 1
github.com/jaredtmartin/bolt-go/element.go:657.54,660.2 2 1
github.com/jaredtmartin/bolt-go/element.go:663.61,664.22 1 1
github.com/jaredtmartin/bolt-go/element.go:664.22,665.17 1 1
github.com/jaredtmartin/bolt-go/element.go:665.17,667.4 1 1
github.com/jaredtmartin/bolt-go/element.go:667.9,669.4 1 1
github.com/jaredtmartin/bolt-go/element.go:670.8,672.3 1 1
github.com/jaredtmartin/bolt-go/element.go:673.2,673.10 1 1
github.com/jaredtmartin/bolt-go/element.go:677.68,680.2 2 1
github.com/jaredtmartin/bolt-go/element.go:683.57,684.20 1 1
github.com/jaredtmartin/bolt-go/element.go:684.20,685.15 1 1
github.com/jaredtmartin/bolt-go/element.go:685.15,687.4 1 1
github.com/jaredtmartin/bolt-go/element.go:687.9,689.4 1 1
github.com/jaredtmartin/bolt-go/element.go:690.8,692.3 1 1
github.com/jaredtmartin/bolt-go/element.go:693.2,693.10 1 1
github.com/jaredtmartin/bolt-go/element.go:697.55,698.20 1 1
github.com/jaredtmartin/bolt-go/element.go:698.20,699.15 1 1
github.com/jaredtmartin/bolt-go/element.go:699.15,701.4 1 1
github.com/jaredtmartin/bolt-go/element.go:701.9,703.4 1 1
github.com/jaredtmartin/bolt-go/element.go:704.8,706.3 1 1
github.com/jaredtmartin/bolt-go/element.go:707.2,707.10 1 1
github.com/jaredtmartin/bolt-go/element.go:711.53,714.2 2 1
github.com/jaredtmartin/bolt-go/element.go:717.58,720.2 2 1
github.com/jaredtmartin/bolt-go/element.go:723.67,726.2 2 1
github.com/jaredtmartin/bolt-go/element.go:729.66,732.2 2 1
github.com/jaredtmartin/bolt-go/element.go:735.54,738.2 2 1
github.com/jaredtmartin/bolt-go/element.go:741.54,744.2 2 1
github.com/jaredtmartin/bolt-go/element.go:747.55,750.2 2 1
github.com/jaredtmartin/bolt-go/element.go:753.58,756.2 2 1
github.com/jaredtmartin/bolt-go/element.go:759.54,762.2 2 1
github.com/jaredtmartin/bolt-go/element.go:765.43,768.2 2 1
github.com/jaredtmartin/bolt-go/element.go:771.53,774.2 2 1
github.com/jaredtmartin/bolt-go/element.go:780.39,781.34 1 1
github.com/jaredtmartin/bolt-go/element.go:781.34,782.15 1 1
github.com/jaredtmartin/bolt-go/element.go:782.15,784.4 1 1
github.com/jaredtmartin/bolt-go/element.go:786.2,786.14 1 1
github.com/jaredtmartin/bolt-go/element.go:790.85,792.17 2 1
github.com/jaredtmartin/bolt-go/element.go:792.17,794.3 1 1
github.com/jaredtmartin/bolt-go/element.go:795.2,796.19 2 1
github.com/jaredtmartin/bolt-go/element.go:796.19,798.3 1 1
github.com/jaredtmartin/bolt-go/element.go:799.2,799.69 1 1
github.com/jaredtmartin/bolt-go/element.go:799.69,801.3 1 1
github.com/jaredtmartin/bolt-go/element.go:802.2,802.64 1 1
github.com/jaredtmartin/bolt-go/element.go:806.42,808.2 1 1
github.com/jaredtmartin/bolt-go/element.go:811.54,814.2 2 1
github.com/jaredtmartin/bolt-go/element.go:817.57,821.2 3 1
github.com/jaredtmartin/bolt-go/element.go:824.56,827.2 2 1
github.com/jaredtmartin/bolt-go/field.go:21.60,22.28 1 1
github.com/jaredtmartin/bolt-go/field.go:22.28,23.23 1 1
github.com/jaredtmartin/bolt-go/field.go:23.23,25.4 1 1
github.com/jaredtmartin/bolt-go/field.go:27.2,27.11 1 1
github.com/jaredtmartin/bolt-go/field.go:43.58,45.2 1 1
github.com/jaredtmartin/bolt-go/field.go:48.67,57.17 5 1
github.com/jaredtmartin/bolt-go/field.go:57.17,59.3 1 1
github.com/jaredtmartin/bolt-go/field.go:60.2,61.17 2 1
github.com/jaredtmartin/bolt-go/field.go:61.17,63.3 1 1
github.com/jaredtmartin/bolt-go/field.go:64.2,70.14 2 1
github.com/jaredtmartin/bolt-go/field.go:74.56,79.2 4 1
github.com/jaredtmartin/bolt-go/field.go:82.60,84.24 2 1
github.com/jaredtmartin/bolt-go/field.go:84.24,86.3 1 1
github.com/jaredtmartin/bolt-go/field.go:87.2,87.13 1 1
github.com/jaredtmartin/bolt-go/field.go:91.132,93.27 2 1
github.com/jaredtmartin/bolt-go/field.go:93.27,95.3 1 1
github.com/jaredtmartin/bolt-go/field.go:96.2,98.36 3 1
github.com/jaredtmartin/bolt-go/field.go:98.36,100.3 1 1
github.com/jaredtmartin/bolt-go/field.go:101.2,101.14 1 1
github.com/jaredtmartin/bolt-go/field.go:105.61,106.33 1 1
github.com/jaredtmartin/bolt-go/field.go:106.33,108.3 1 1
github.com/jaredtmartin/bolt-go/field.go:108.8,110.3 1 1
github.com/jaredtmartin/bolt-go/field.go:111.2,111.10 1 1
github.com/jaredtmartin/bolt-go/field.go:115.43,117.2 1 1
github.com/jaredtmartin/bolt-go/field.go:120.58,123.2 2 1
github.com/jaredtmartin/bolt-go/field.go:126.58,129.14 2 1
github.com/jaredtmartin/bolt-go/field.go:129.14,131.18 1 1
github.com/jaredtmartin/bolt-go/field.go:131.18,133.4 1 1
github.com/jaredtmartin/bolt-go/field.go:134.3,134.81 1 1
github.com/jaredtmartin/bolt-go/field.go:135.8,136.18 1 1
github.com/jaredtmartin/bolt-go/field.go:136.18,139.4 2 1
github.com/jaredtmartin/bolt-go/field.go:139.9,141.4 1 1
github.com/jaredtmartin/bolt-go/field.go:144.2,144.10 1 1
github.com/jaredtmartin/bolt-go/field.go:148.43,150.2 1 1
github.com/jaredtmartin/bolt-go/field.go:153.58,154.14 1 1
github.com/jaredtmartin/bolt-go/field.go:154.14,156.3 1 1
github.com/jaredtmartin/bolt-go/field.go:157.2,158.10 2 1
github.com/jaredtmartin/bolt-go/field.go:162.43,164.2 1 1
github.com/jaredtmartin/bolt-go/field.go:167.58,170.2 2 1
github.com/jaredtmartin/bolt-go/field.go:173.50,176.2 2 1
github.com/jaredtmartin/bolt-go/field.go:179.42,181.2 1 1
github.com/jaredtmartin/bolt-go/field.go:185.45,187.2 1 1
github.com/jaredtmartin/bolt-go/field.go:190.40,192.2 1 1
github.com/jaredtmartin/bolt-go/field.go:195.51,197.2 1 1
github.com/jaredtmartin/bolt-go/field.go:207.46,210.18 3 1
github.com/jaredtmartin/bolt-go/field.go:210.18,212.3 1 1
github.com/jaredtmartin/bolt-go/field.go:213.2,214.10 2 1
github.com/jaredtmartin/bolt-go/field.go:218.50,226.31 5 1
github.com/jaredtmartin/bolt-go/field.go:226.31,229.3 1 1
github.com/jaredtmartin/bolt-go/field.go:230.2,230.10 1 1
github.com/jaredtmartin/bolt-go/field.go:234.52,237.2 2 1
github.com/jaredtmartin/bolt-go/field.go:240.65,241.39 1 1
github.com/jaredtmartin/bolt-go/field.go:241.39,243.3 1 1
github.com/jaredtmartin/bolt-go/field.go:243.8,245.3 1 1
github.com/jaredtmartin/bolt-go/field.go:246.2,246.10 1 1
github.com/jaredtmartin/bolt-go/field.go:251.62,252.39 1 1
github.com/jaredtmartin/bolt-go/field.go:252.39,254.3 1 1
github.com/jaredtmartin/bolt-go/field.go:254.8,256.3 1 1
github.com/jaredtmartin/bolt-go/field.go:257.2,257.10 1 1
github.com/jaredtmartin/bolt-go/field.go:262.68,263.45 1 1
github.com/jaredtmartin/bolt-go/field.go:263.45,265.3 1 1
github.com/jaredtmartin/bolt-go/field.go:265.8,267.3 1 1
github.com/jaredtmartin/bolt-go/field.go:268.2,268.10 1 1
github.com/jaredtmartin/bolt-go/field.go:465.56,468.2 2 1
github.com/jaredtmartin/bolt-go/field.go:471.55,474.2 2 1
github.com/jaredtmartin/bolt-go/field.go:501.53,504.2 2 1
github.com/jaredtmartin/bolt-go/field.go:507.52,510.2 2 1
github.com/jaredtmartin/bolt-go/field.go:513.52,516.2 2 1
github.com/jaredtmartin/bolt-go/field.go:519.54,522.2 2 1
github.com/jaredtmartin/bolt-go/field.go:525.55,528.2 2 1
github.com/jaredtmartin/bolt-go/field.go:531.53,534.2 2 1
github.com/jaredtmartin/bolt-go/list.go:6.49,8.2 1 1
github.com/jaredtmartin/bolt-go/list.go:11.69,13.23 2 1
github.com/jaredtmartin/bolt-go/list.go:13.23,15.3 1 1
github.com/jaredtmartin/bolt-go/list.go:15.8,17.3 1 1
github.com/jaredtmartin/bolt-go/list.go:18.2,19.22 2 1
github.com/jaredtmartin/bolt-go/list.go:19.22,21.3 1 1
github.com/jaredtmartin/bolt-go/list.go:22.2,22.13 1 1
github.com/jaredtmartin/bolt-go/routing.go:32.93,34.68 2 1
github.com/jaredtmartin/bolt-go/routing.go:34.68,36.19 2 1
github.com/jaredtmartin/bolt-go/routing.go:37.23,38.26 1 1
github.com/jaredtmartin/bolt-go/routing.go:39.24,40.27 1 1
github.com/jaredtmartin/bolt-go/routing.go:41.26,42.29 1 1
github.com/jaredtmartin/bolt-go/routing.go:43.23,44.26 1 1
github.com/jaredtmartin/bolt-go/routing.go:45.25,46.28 1 1
github.com/jaredtmartin/bolt-go/routing.go:48.3,48.21 1 1
github.com/jaredtmartin/bolt-go/routing.go:48.21,51.4 2 1
github.com/jaredtmartin/bolt-go/routing.go:54.3,56.36 3 1
github.com/jaredtmartin/bolt-go/routing.go:59.75,60.37 1 1
github.com/jaredtmartin/bolt-go/routing.go:60.37,63.3 2 1
