mode: set
github.com/jaredtmartin/bolt-go/atoms.go:9.53,12.2 2 1
github.com/jaredtmartin/bolt-go/atoms.go:13.30,15.2 1 1
github.com/jaredtmartin/bolt-go/atoms.go:16.34,18.2 1 1
github.com/jaredtmartin/bolt-go/atoms.go:19.33,21.2 1 1
github.com/jaredtmartin/bolt-go/atoms.go:22.33,24.2 1 1
github.com/jaredtmartin/bolt-go/atoms.go:25.21,27.2 1 1
github.com/jaredtmartin/bolt-go/atoms.go:28.32,30.2 1 1
github.com/jaredtmartin/bolt-go/atoms.go:31.29,33.2 1 1
github.com/jaredtmartin/bolt-go/atoms.go:34.30,36.2 1 1
github.com/jaredtmartin/bolt-go/atoms.go:37.30,39.2 1 1
github.com/jaredtmartin/bolt-go/atoms.go:40.30,42.2 1 1
github.com/jaredtmartin/bolt-go/atoms.go:43.30,45.2 1 1
github.com/jaredtmartin/bolt-go/atoms.go:46.30,48.2 1 1
github.com/jaredtmartin/bolt-go/atoms.go:49.30,51.2 1 1
github.com/jaredtmartin/bolt-go/atoms.go:52.50,54.2 1 1
github.com/jaredtmartin/bolt-go/atoms.go:55.21,57.2 1 1
github.com/jaredtmartin/bolt-go/atoms.go:58.44,60.2 1 1
github.com/jaredtmartin/bolt-go/atoms.go:61.35,63.2 1 1
github.com/jaredtmartin/bolt-go/atoms.go:64.43,66.2 1 1
github.com/jaredtmartin/bolt-go/atoms.go:67.40,69.16 2 1
github.com/jaredtmartin/bolt-go/atoms.go:69.16,71.3 1 1
github.com/jaredtmartin/bolt-go/atoms.go:72.2,72.16 1 1
github.com/jaredtmartin/bolt-go/atoms.go:72.16,74.3 1 1
github.com/jaredtmartin/bolt-go/atoms.go:75.2,75.16 1 1
github.com/jaredtmartin/bolt-go/atoms.go:75.16,76.13 1 0
github.com/jaredtmartin/bolt-go/atoms.go:78.2,78.48 1 1
github.com/jaredtmartin/bolt-go/atoms.go:80.34,82.2 1 0
github.com/jaredtmartin/bolt-go/atoms.go:83.72,95.2 2 1
github.com/jaredtmartin/bolt-go/atoms.go:96.75,106.2 1 1
github.com/jaredtmartin/bolt-go/atoms.go:107.40,109.2 1 0
github.com/jaredtmartin/bolt-go/atoms.go:110.40,112.2 1 0
github.com/jaredtmartin/bolt-go/element.go:136.36,138.2 1 1
github.com/jaredtmartin/bolt-go/element.go:139.42,141.2 1 1
github.com/jaredtmartin/bolt-go/element.go:142.50,145.2 2 1
github.com/jaredtmartin/bolt-go/element.go:146.52,148.46 1 1
github.com/jaredtmartin/bolt-go/element.go:148.46,149.14 1 1
github.com/jaredtmartin/bolt-go/element.go:149.14,150.12 1 1
github.com/jaredtmartin/bolt-go/element.go:152.3,152.22 1 1
github.com/jaredtmartin/bolt-go/element.go:155.48,157.31 2 1
github.com/jaredtmartin/bolt-go/element.go:157.31,159.3 1 1
github.com/jaredtmartin/bolt-go/element.go:160.2,161.16 2 1
github.com/jaredtmartin/bolt-go/element.go:163.54,165.2 1 1
github.com/jaredtmartin/bolt-go/element.go:166.59,169.2 2 1
github.com/jaredtmartin/bolt-go/element.go:170.41,172.2 1 1
github.com/jaredtmartin/bolt-go/element.go:173.65,174.28 1 1
github.com/jaredtmartin/bolt-go/element.go:174.28,176.25 2 1
github.com/jaredtmartin/bolt-go/element.go:176.25,178.4 1 1
github.com/jaredtmartin/bolt-go/element.go:180.2,180.10 1 1
github.com/jaredtmartin/bolt-go/element.go:182.50,184.2 1 1
github.com/jaredtmartin/bolt-go/element.go:185.52,188.37 3 1
github.com/jaredtmartin/bolt-go/element.go:188.37,190.24 2 1
github.com/jaredtmartin/bolt-go/element.go:190.24,192.4 1 1
github.com/jaredtmartin/bolt-go/element.go:195.56,197.2 1 1
github.com/jaredtmartin/bolt-go/element.go:198.54,200.2 1 1
github.com/jaredtmartin/bolt-go/element.go:201.54,204.2 2 1
github.com/jaredtmartin/bolt-go/element.go:205.64,206.27 1 1
github.com/jaredtmartin/bolt-go/element.go:206.27,208.3 1 1
github.com/jaredtmartin/bolt-go/element.go:209.2,209.10 1 1
github.com/jaredtmartin/bolt-go/element.go:211.49,213.35 2 1
github.com/jaredtmartin/bolt-go/element.go:213.35,215.3 1 1
github.com/jaredtmartin/bolt-go/element.go:216.2,217.53 2 1
github.com/jaredtmartin/bolt-go/element.go:219.66,220.20 1 1
github.com/jaredtmartin/bolt-go/element.go:220.20,223.3 2 1
github.com/jaredtmartin/bolt-go/element.go:223.8,223.27 1 1
github.com/jaredtmartin/bolt-go/element.go:223.27,226.3 2 1
github.com/jaredtmartin/bolt-go/element.go:226.8,228.3 1 1
github.com/jaredtmartin/bolt-go/element.go:230.53,232.39 2 1
github.com/jaredtmartin/bolt-go/element.go:232.39,234.18 1 1
github.com/jaredtmartin/bolt-go/element.go:234.18,236.12 2 1
github.com/jaredtmartin/bolt-go/element.go:238.3,238.84 1 1
github.com/jaredtmartin/bolt-go/element.go:240.2,241.23 2 1
github.com/jaredtmartin/bolt-go/element.go:241.23,243.3 1 1
github.com/jaredtmartin/bolt-go/element.go:244.2,244.24 1 1
github.com/jaredtmartin/bolt-go/element.go:244.24,246.3 1 1
github.com/jaredtmartin/bolt-go/element.go:247.2,247.38 1 1
github.com/jaredtmartin/bolt-go/element.go:249.55,251.2 1 1
github.com/jaredtmartin/bolt-go/element.go:252.53,254.2 1 1
github.com/jaredtmartin/bolt-go/element.go:255.65,258.2 2 1
github.com/jaredtmartin/bolt-go/element.go:259.61,260.25 1 1
github.com/jaredtmartin/bolt-go/element.go:260.25,262.3 1 1
github.com/jaredtmartin/bolt-go/element.go:263.2,263.10 1 1
github.com/jaredtmartin/bolt-go/element.go:265.64,268.2 2 1
github.com/jaredtmartin/bolt-go/element.go:269.58,272.2 2 1
github.com/jaredtmartin/bolt-go/element.go:273.62,276.2 2 1
github.com/jaredtmartin/bolt-go/element.go:278.68,280.35 2 1
github.com/jaredtmartin/bolt-go/element.go:280.35,281.28 1 1
github.com/jaredtmartin/bolt-go/element.go:281.28,283.4 1 1
github.com/jaredtmartin/bolt-go/element.go:284.3,284.63 1 1
github.com/jaredtmartin/bolt-go/element.go:286.2,286.16 1 1
github.com/jaredtmartin/bolt-go/element.go:289.81,290.11 1 1
github.com/jaredtmartin/bolt-go/element.go:290.11,292.3 1 1
github.com/jaredtmartin/bolt-go/element.go:293.2,294.35 2 1
github.com/jaredtmartin/bolt-go/element.go:294.35,295.28 1 1
github.com/jaredtmartin/bolt-go/element.go:295.28,297.4 1 1
github.com/jaredtmartin/bolt-go/element.go:298.3,298.24 1 1
github.com/jaredtmartin/bolt-go/element.go:298.24,300.4 1 1
github.com/jaredtmartin/bolt-go/element.go:301.3,302.24 2 1
github.com/jaredtmartin/bolt-go/element.go:302.24,304.4 1 1
github.com/jaredtmartin/bolt-go/element.go:306.2,306.19 1 1
github.com/jaredtmartin/bolt-go/element.go:308.76,310.2 1 1
github.com/jaredtmartin/bolt-go/element.go:311.65,312.35 1 1
github.com/jaredtmartin/bolt-go/element.go:312.35,313.26 1 1
github.com/jaredtmartin/bolt-go/element.go:313.26,315.4 1 1
github.com/jaredtmartin/bolt-go/element.go:316.3,317.13 2 1
github.com/jaredtmartin/bolt-go/element.go:317.13,319.4 1 1
github.com/jaredtmartin/bolt-go/element.go:321.2,321.19 1 1
github.com/jaredtmartin/bolt-go/element.go:351.50,353.2 1 1
github.com/jaredtmartin/bolt-go/element.go:354.60,355.39 1 1
github.com/jaredtmartin/bolt-go/element.go:355.39,357.3 1 1
github.com/jaredtmartin/bolt-go/element.go:358.2,358.30 1 1
github.com/jaredtmartin/bolt-go/element.go:360.43,362.2 1 1
github.com/jaredtmartin/bolt-go/element.go:363.49,365.35 2 1
github.com/jaredtmartin/bolt-go/element.go:365.35,366.21 1 1
github.com/jaredtmartin/bolt-go/element.go:366.21,367.12 1 1
github.com/jaredtmartin/bolt-go/element.go:369.3,369.62 1 1
github.com/jaredtmartin/bolt-go/element.go:371.2,371.42 1 1
github.com/jaredtmartin/bolt-go/element.go:373.37,376.2 2 1
github.com/jaredtmartin/bolt-go/element.go:377.51,386.2 1 1
github.com/jaredtmartin/bolt-go/element.go:387.55,390.2 2 1
github.com/jaredtmartin/bolt-go/element.go:391.61,394.2 2 1
github.com/jaredtmartin/bolt-go/element.go:395.51,398.2 2 1
github.com/jaredtmartin/bolt-go/element.go:399.50,402.2 2 1
github.com/jaredtmartin/bolt-go/element.go:403.50,406.2 2 1
github.com/jaredtmartin/bolt-go/element.go:407.52,410.2 2 1
github.com/jaredtmartin/bolt-go/element.go:411.53,414.2 2 1
github.com/jaredtmartin/bolt-go/element.go:415.57,419.2 3 1
github.com/jaredtmartin/bolt-go/element.go:420.56,423.2 2 1
github.com/jaredtmartin/bolt-go/element.go:424.58,427.2 2 1
github.com/jaredtmartin/bolt-go/element.go:428.53,431.2 2 1
github.com/jaredtmartin/bolt-go/element.go:432.55,435.2 2 1
github.com/jaredtmartin/bolt-go/element.go:436.51,439.2 2 1
github.com/jaredtmartin/bolt-go/element.go:440.52,443.2 2 1
github.com/jaredtmartin/bolt-go/element.go:444.52,447.2 2 1
github.com/jaredtmartin/bolt-go/element.go:448.52,451.2 2 1
github.com/jaredtmartin/bolt-go/element.go:452.43,455.2 2 1
github.com/jaredtmartin/bolt-go/element.go:456.50,459.2 2 1
github.com/jaredtmartin/bolt-go/element.go:460.54,463.2 2 1
github.com/jaredtmartin/bolt-go/element.go:464.52,468.2 3 1
github.com/jaredtmartin/bolt-go/element.go:469.66,472.2 2 1
github.com/jaredtmartin/bolt-go/element.go:473.50,476.2 2 1
github.com/jaredtmartin/bolt-go/element.go:477.56,480.2 2 1
github.com/jaredtmartin/bolt-go/element.go:481.62,484.2 2 1
github.com/jaredtmartin/bolt-go/element.go:485.50,488.2 2 1
github.com/jaredtmartin/bolt-go/element.go:489.54,492.2 2 1
github.com/jaredtmartin/bolt-go/element.go:493.52,496.2 2 1
github.com/jaredtmartin/bolt-go/element.go:497.59,498.22 1 1
github.com/jaredtmartin/bolt-go/element.go:498.22,499.17 1 1
github.com/jaredtmartin/bolt-go/element.go:499.17,501.4 1 1
github.com/jaredtmartin/bolt-go/element.go:501.9,503.4 1 1
github.com/jaredtmartin/bolt-go/element.go:504.8,506.3 1 1
github.com/jaredtmartin/bolt-go/element.go:507.2,507.10 1 1
github.com/jaredtmartin/bolt-go/element.go:509.55,510.20 1 1
github.com/jaredtmartin/bolt-go/element.go:510.20,511.15 1 1
github.com/jaredtmartin/bolt-go/element.go:511.15,513.4 1 1
github.com/jaredtmartin/bolt-go/element.go:513.9,515.4 1 1
github.com/jaredtmartin/bolt-go/element.go:516.8,518.3 1 1
github.com/jaredtmartin/bolt-go/element.go:519.2,519.10 1 1
github.com/jaredtmartin/bolt-go/element.go:521.66,524.2 2 1
github.com/jaredtmartin/bolt-go/element.go:526.53,529.2 2 1
github.com/jaredtmartin/bolt-go/element.go:530.56,533.2 2 1
github.com/jaredtmartin/bolt-go/element.go:534.67,537.2 2 1
github.com/jaredtmartin/bolt-go/element.go:538.66,541.2 2 1
github.com/jaredtmartin/bolt-go/element.go:542.54,545.2 2 1
github.com/jaredtmartin/bolt-go/element.go:546.54,549.2 2 1
github.com/jaredtmartin/bolt-go/element.go:550.55,553.2 2 1
github.com/jaredtmartin/bolt-go/element.go:554.58,557.2 2 1
github.com/jaredtmartin/bolt-go/element.go:558.54,561.2 2 1
github.com/jaredtmartin/bolt-go/element.go:562.43,565.2 2 1
github.com/jaredtmartin/bolt-go/element.go:570.39,571.34 1 1
github.com/jaredtmartin/bolt-go/element.go:571.34,572.15 1 1
github.com/jaredtmartin/bolt-go/element.go:572.15,574.4 1 1
github.com/jaredtmartin/bolt-go/element.go:576.2,576.14 1 1
github.com/jaredtmartin/bolt-go/element.go:580.85,582.17 2 1
github.com/jaredtmartin/bolt-go/element.go:582.17,584.3 1 1
github.com/jaredtmartin/bolt-go/element.go:585.2,586.19 2 1
github.com/jaredtmartin/bolt-go/element.go:586.19,588.3 1 1
github.com/jaredtmartin/bolt-go/element.go:589.2,589.69 1 1
github.com/jaredtmartin/bolt-go/element.go:589.69,591.3 1 1
github.com/jaredtmartin/bolt-go/element.go:592.2,592.64 1 1
github.com/jaredtmartin/bolt-go/element.go:594.42,596.2 1 1
github.com/jaredtmartin/bolt-go/element.go:604.54,607.2 2 0
github.com/jaredtmartin/bolt-go/field.go:24.60,25.28 1 0
github.com/jaredtmartin/bolt-go/field.go:25.28,26.23 1 0
github.com/jaredtmartin/bolt-go/field.go:26.23,28.4 1 0
github.com/jaredtmartin/bolt-go/field.go:30.2,30.11 1 0
github.com/jaredtmartin/bolt-go/field.go:42.58,44.2 1 1
github.com/jaredtmartin/bolt-go/field.go:45.67,54.17 5 1
github.com/jaredtmartin/bolt-go/field.go:54.17,56.3 1 1
github.com/jaredtmartin/bolt-go/field.go:57.2,58.17 2 1
github.com/jaredtmartin/bolt-go/field.go:58.17,60.3 1 1
github.com/jaredtmartin/bolt-go/field.go:61.2,67.14 2 1
github.com/jaredtmartin/bolt-go/field.go:69.56,74.2 4 1
github.com/jaredtmartin/bolt-go/field.go:75.60,77.24 2 1
github.com/jaredtmartin/bolt-go/field.go:77.24,79.3 1 1
github.com/jaredtmartin/bolt-go/field.go:80.2,80.13 1 1
github.com/jaredtmartin/bolt-go/field.go:82.132,84.27 2 1
github.com/jaredtmartin/bolt-go/field.go:84.27,86.3 1 1
github.com/jaredtmartin/bolt-go/field.go:87.2,89.36 3 1
github.com/jaredtmartin/bolt-go/field.go:89.36,91.3 1 1
github.com/jaredtmartin/bolt-go/field.go:92.2,92.14 1 1
github.com/jaredtmartin/bolt-go/field.go:94.61,95.33 1 1
github.com/jaredtmartin/bolt-go/field.go:95.33,97.3 1 1
github.com/jaredtmartin/bolt-go/field.go:97.8,99.3 1 1
github.com/jaredtmartin/bolt-go/field.go:100.2,100.10 1 1
github.com/jaredtmartin/bolt-go/field.go:102.43,104.2 1 1
github.com/jaredtmartin/bolt-go/field.go:105.58,108.2 2 0
github.com/jaredtmartin/bolt-go/field.go:109.58,112.14 2 1
github.com/jaredtmartin/bolt-go/field.go:112.14,114.18 1 1
github.com/jaredtmartin/bolt-go/field.go:114.18,116.4 1 0
github.com/jaredtmartin/bolt-go/field.go:117.3,117.81 1 1
github.com/jaredtmartin/bolt-go/field.go:118.8,119.18 1 1
github.com/jaredtmartin/bolt-go/field.go:119.18,122.4 2 1
github.com/jaredtmartin/bolt-go/field.go:122.9,124.4 1 1
github.com/jaredtmartin/bolt-go/field.go:127.2,127.10 1 1
github.com/jaredtmartin/bolt-go/field.go:129.43,131.2 1 1
github.com/jaredtmartin/bolt-go/field.go:132.58,133.14 1 0
github.com/jaredtmartin/bolt-go/field.go:133.14,135.3 1 0
github.com/jaredtmartin/bolt-go/field.go:136.2,137.10 2 0
github.com/jaredtmartin/bolt-go/field.go:139.43,141.2 1 1
github.com/jaredtmartin/bolt-go/field.go:142.58,145.2 2 0
github.com/jaredtmartin/bolt-go/field.go:146.50,149.2 2 1
github.com/jaredtmartin/bolt-go/field.go:151.40,153.2 1 1
github.com/jaredtmartin/bolt-go/field.go:154.51,156.2 1 1
github.com/jaredtmartin/bolt-go/field.go:165.46,168.18 3 1
github.com/jaredtmartin/bolt-go/field.go:168.18,170.3 1 1
github.com/jaredtmartin/bolt-go/field.go:171.2,172.10 2 1
github.com/jaredtmartin/bolt-go/field.go:174.50,182.31 8 1
github.com/jaredtmartin/bolt-go/field.go:182.31,185.3 2 1
github.com/jaredtmartin/bolt-go/field.go:186.2,186.10 1 1
github.com/jaredtmartin/bolt-go/field.go:188.52,191.2 2 1
github.com/jaredtmartin/bolt-go/field.go:192.65,193.39 1 0
github.com/jaredtmartin/bolt-go/field.go:193.39,195.3 1 0
github.com/jaredtmartin/bolt-go/field.go:195.8,197.3 1 0
github.com/jaredtmartin/bolt-go/field.go:198.2,198.10 1 0
github.com/jaredtmartin/bolt-go/field.go:200.62,201.39 1 1
github.com/jaredtmartin/bolt-go/field.go:201.39,203.3 1 1
github.com/jaredtmartin/bolt-go/field.go:203.8,205.3 1 1
github.com/jaredtmartin/bolt-go/field.go:206.2,206.10 1 1
github.com/jaredtmartin/bolt-go/field.go:208.68,209.45 1 1
github.com/jaredtmartin/bolt-go/field.go:209.45,211.3 1 0
github.com/jaredtmartin/bolt-go/field.go:211.8,213.3 1 1
github.com/jaredtmartin/bolt-go/field.go:214.2,214.10 1 1
github.com/jaredtmartin/bolt-go/field.go:409.56,412.2 2 1
github.com/jaredtmartin/bolt-go/field.go:413.45,415.2 1 0
github.com/jaredtmartin/bolt-go/field.go:416.53,419.2 2 1
github.com/jaredtmartin/bolt-go/field.go:445.51,448.2 2 1
github.com/jaredtmartin/bolt-go/field.go:449.50,452.2 2 1
github.com/jaredtmartin/bolt-go/field.go:454.50,457.2 2 1
github.com/jaredtmartin/bolt-go/field.go:459.52,462.2 2 1
github.com/jaredtmartin/bolt-go/field.go:464.53,467.2 2 1
github.com/jaredtmartin/bolt-go/field.go:468.51,471.2 2 1
github.com/jaredtmartin/bolt-go/list.go:5.49,7.2 1 1
github.com/jaredtmartin/bolt-go/list.go:8.69,10.23 2 1
github.com/jaredtmartin/bolt-go/list.go:10.23,12.3 1 1
github.com/jaredtmartin/bolt-go/list.go:12.8,14.3 1 1
github.com/jaredtmartin/bolt-go/list.go:15.2,16.33 2 1
github.com/jaredtmartin/bolt-go/list.go:16.33,18.3 1 1
github.com/jaredtmartin/bolt-go/list.go:19.2,19.13 1 1
