mode: set
dannyronsrescue/bolt/atoms.go:3.41,5.2 1 1
dannyronsrescue/bolt/atoms.go:6.31,8.2 1 1
dannyronsrescue/bolt/atoms.go:9.35,11.2 1 1
dannyronsrescue/bolt/atoms.go:12.34,14.2 1 1
dannyronsrescue/bolt/atoms.go:15.34,17.2 1 1
dannyronsrescue/bolt/atoms.go:18.42,20.2 1 1
dannyronsrescue/bolt/atoms.go:21.33,23.2 1 1
dannyronsrescue/bolt/atoms.go:24.30,26.2 1 1
dannyronsrescue/bolt/atoms.go:28.31,30.2 1 1
dannyronsrescue/bolt/atoms.go:31.31,33.2 1 1
dannyronsrescue/bolt/atoms.go:34.31,36.2 1 1
dannyronsrescue/bolt/atoms.go:37.31,39.2 1 1
dannyronsrescue/bolt/atoms.go:40.31,42.2 1 1
dannyronsrescue/bolt/atoms.go:43.31,45.2 1 1
dannyronsrescue/bolt/atoms.go:46.52,48.2 1 1
dannyronsrescue/bolt/atoms.go:49.22,51.2 1 1
dannyronsrescue/bolt/atoms.go:52.46,54.2 1 1
dannyronsrescue/bolt/atoms.go:55.36,57.2 1 1
dannyronsrescue/bolt/element.go:25.45,27.46 1 1
dannyronsrescue/bolt/element.go:27.46,29.3 1 1
dannyronsrescue/bolt/element.go:32.47,34.2 1 1
dannyronsrescue/bolt/element.go:36.40,38.31 2 1
dannyronsrescue/bolt/element.go:38.31,40.3 1 1
dannyronsrescue/bolt/element.go:41.2,42.35 2 1
dannyronsrescue/bolt/element.go:45.45,48.37 3 1
dannyronsrescue/bolt/element.go:48.37,50.24 2 1
dannyronsrescue/bolt/element.go:50.24,52.4 1 1
dannyronsrescue/bolt/element.go:55.39,57.35 2 1
dannyronsrescue/bolt/element.go:57.35,59.3 1 1
dannyronsrescue/bolt/element.go:60.2,61.53 2 1
dannyronsrescue/bolt/element.go:63.59,64.20 1 1
dannyronsrescue/bolt/element.go:64.20,67.3 2 1
dannyronsrescue/bolt/element.go:67.8,67.27 1 1
dannyronsrescue/bolt/element.go:67.27,70.3 2 1
dannyronsrescue/bolt/element.go:70.8,72.3 1 1
dannyronsrescue/bolt/element.go:74.43,76.39 2 1
dannyronsrescue/bolt/element.go:76.39,78.3 1 1
dannyronsrescue/bolt/element.go:79.2,80.23 2 1
dannyronsrescue/bolt/element.go:80.23,82.3 1 1
dannyronsrescue/bolt/element.go:83.2,83.24 1 1
dannyronsrescue/bolt/element.go:83.24,85.3 1 1
dannyronsrescue/bolt/element.go:86.2,86.38 1 1
dannyronsrescue/bolt/element.go:88.38,96.2 1 1
dannyronsrescue/bolt/element.go:97.61,98.28 1 1
dannyronsrescue/bolt/element.go:98.28,100.25 2 1
dannyronsrescue/bolt/element.go:100.25,102.4 1 1
dannyronsrescue/bolt/element.go:104.2,104.10 1 1
dannyronsrescue/bolt/element.go:106.59,107.27 1 1
dannyronsrescue/bolt/element.go:107.27,109.3 1 1
dannyronsrescue/bolt/element.go:110.2,110.10 1 1
dannyronsrescue/bolt/element.go:112.61,113.25 1 1
dannyronsrescue/bolt/element.go:113.25,115.3 1 1
dannyronsrescue/bolt/element.go:116.2,116.10 1 1
dannyronsrescue/bolt/element.go:118.50,121.2 2 1
dannyronsrescue/bolt/element.go:122.49,125.2 2 1
dannyronsrescue/bolt/element.go:126.59,129.2 2 1
dannyronsrescue/bolt/element.go:130.49,133.2 2 1
dannyronsrescue/bolt/element.go:134.45,137.2 2 1
dannyronsrescue/bolt/element.go:138.44,141.2 2 1
dannyronsrescue/bolt/element.go:142.44,145.2 2 1
dannyronsrescue/bolt/element.go:146.46,149.2 2 1
dannyronsrescue/bolt/element.go:150.47,153.2 2 1
dannyronsrescue/bolt/element.go:154.51,157.2 2 1
dannyronsrescue/bolt/element.go:158.50,161.2 2 1
dannyronsrescue/bolt/element.go:162.52,165.2 2 1
dannyronsrescue/bolt/element.go:166.47,169.2 2 1
dannyronsrescue/bolt/element.go:170.45,173.2 2 1
dannyronsrescue/bolt/element.go:174.46,177.2 2 1
dannyronsrescue/bolt/element.go:178.46,181.2 2 1
dannyronsrescue/bolt/element.go:182.44,185.2 2 1
dannyronsrescue/bolt/element.go:186.48,189.2 2 1
dannyronsrescue/bolt/element.go:190.46,193.2 2 1
dannyronsrescue/bolt/element.go:194.60,197.2 2 1
dannyronsrescue/bolt/element.go:198.50,201.2 2 1
dannyronsrescue/bolt/element.go:202.56,205.2 2 1
dannyronsrescue/bolt/element.go:206.44,209.2 2 1
dannyronsrescue/bolt/element.go:210.48,213.2 2 1
dannyronsrescue/bolt/element.go:214.53,215.22 1 1
dannyronsrescue/bolt/element.go:215.22,216.17 1 1
dannyronsrescue/bolt/element.go:216.17,218.4 1 1
dannyronsrescue/bolt/element.go:218.9,220.4 1 1
dannyronsrescue/bolt/element.go:221.8,223.3 1 1
dannyronsrescue/bolt/element.go:224.2,224.10 1 1
dannyronsrescue/bolt/element.go:226.49,227.20 1 1
dannyronsrescue/bolt/element.go:227.20,228.15 1 1
dannyronsrescue/bolt/element.go:228.15,230.4 1 1
dannyronsrescue/bolt/element.go:230.9,232.4 1 1
dannyronsrescue/bolt/element.go:233.8,235.3 1 1
dannyronsrescue/bolt/element.go:236.2,236.10 1 1
dannyronsrescue/bolt/element.go:239.59,241.35 2 1
dannyronsrescue/bolt/element.go:241.35,243.3 1 1
dannyronsrescue/bolt/element.go:244.2,245.10 2 1
dannyronsrescue/bolt/element.go:247.35,248.17 1 1
dannyronsrescue/bolt/element.go:248.17,250.3 1 1
dannyronsrescue/bolt/element.go:251.2,252.19 2 1
dannyronsrescue/bolt/element.go:252.19,254.3 1 1
dannyronsrescue/bolt/element.go:255.2,255.22 1 1
dannyronsrescue/bolt/element.go:255.22,257.3 1 1
dannyronsrescue/bolt/element.go:258.2,258.67 1 1
